<?xml version="1.0" encoding="utf-8"?><testsuites name="pytest tests"><testsuite name="pytest" errors="0" failures="2" skipped="0" tests="18" time="7.374" timestamp="2026-02-22T11:45:45.862576+00:00" hostname="agent-env-d867bf04-8d07-4679-94e8-c8255bf384d2"><testcase classname="backend.tests.test_comprehensive_v21.TestAuth" name="test_login_success" time="0.472" /><testcase classname="backend.tests.test_comprehensive_v21.TestAuth" name="test_login_invalid_credentials" time="0.109" /><testcase classname="backend.tests.test_comprehensive_v21.TestCompanies" name="test_get_companies" time="0.440" /><testcase classname="backend.tests.test_comprehensive_v21.TestCompanies" name="test_create_company" time="0.463" /><testcase classname="backend.tests.test_comprehensive_v21.TestLeads" name="test_get_leads" time="0.448" /><testcase classname="backend.tests.test_comprehensive_v21.TestContacts" name="test_get_contacts" time="0.453" /><testcase classname="backend.tests.test_comprehensive_v21.TestDeals" name="test_get_deals" time="0.422" /><testcase classname="backend.tests.test_comprehensive_v21.TestTasks" name="test_get_tasks" time="0.428" /><testcase classname="backend.tests.test_comprehensive_v21.TestCalls" name="test_get_calls" time="0.452" /><testcase classname="backend.tests.test_comprehensive_v21.TestCalls" name="test_get_call_stats" time="0.429" /><testcase classname="backend.tests.test_comprehensive_v21.TestChatChannels" name="test_get_channels" time="0.423"><failure message="AssertionError: assert False&#10; +  where False = isinstance({'channels': [{'channel_id': 'general', 'channel_type': 'general', 'created_at': '2026-02-22T01:15:32.992209+00:00', 'created_by': 'user_976038f616e3', ...}, {'channel_id': 'lead_lead_f851313645cd', 'channel_type': 'lead', 'created_at': '2026-02-22T01:17:19.824200+00:00', 'created_by': 'user_976038f616e3', ...}]}, list)">backend/tests/test_comprehensive_v21.py:227: in test_get_channels
    assert isinstance(data, list)
E   AssertionError: assert False
E    +  where False = isinstance({'channels': [{'channel_id': 'general', 'channel_type': 'general', 'created_at': '2026-02-22T01:15:32.992209+00:00', 'created_by': 'user_976038f616e3', ...}, {'channel_id': 'lead_lead_f851313645cd', 'channel_type': 'lead', 'created_at': '2026-02-22T01:17:19.824200+00:00', 'created_by': 'user_976038f616e3', ...}]}, list)</failure></testcase><testcase classname="backend.tests.test_comprehensive_v21.TestDashboard" name="test_get_dashboard_stats" time="0.466" /><testcase classname="backend.tests.test_comprehensive_v21.TestAdmin" name="test_get_admin_users" time="0.449"><failure message="AssertionError: assert False&#10; +  where False = isinstance({'count': 9, 'users': [{'created_at': '2026-02-06T15:29:23.552594+00:00', 'email': 'florian@unyted.world', 'last_login': '2026-02-22T11:45:51.287568+00:00', 'name': 'Florian', ...}, {'created_at': '2026-02-09T16:38:48.102149+00:00', 'email': 'luizcardo@gmail.com', 'name': 'Luiz Felipe Cardo', 'organization_id': None, ...}, {'created_at': '2026-02-10T04:03:40.523777+00:00', 'email': 'akalinezenix@gmail.com', 'name': 'Zen Akaline', 'organization_id': 'org_f1e0631b6306', ...}, {'created_at': '2026-02-20T15:49:09.611594+00:00', 'email': 'testuser@otherorg.com', 'name': 'Test User', 'organization_id': 'org_a54bfdea6cb4', ...}, {'created_at': '2026-02-20T15:53:21.367203+00:00', 'email': 'testuser155321@testorg.com', 'name': 'Test User 155321', 'organization_id': 'org_d920abc6b585', ...}, {'created_at': '2026-02-20T17:14:35.295953+00:00', 'email': 'test@example.com', 'name': 'Test User', 'organization_id': 'org_18fe2a1045cb', ...}, ...]}, list)">backend/tests/test_comprehensive_v21.py:271: in test_get_admin_users
    assert isinstance(data, list)
E   AssertionError: assert False
E    +  where False = isinstance({'count': 9, 'users': [{'created_at': '2026-02-06T15:29:23.552594+00:00', 'email': 'florian@unyted.world', 'last_login': '2026-02-22T11:45:51.287568+00:00', 'name': 'Florian', ...}, {'created_at': '2026-02-09T16:38:48.102149+00:00', 'email': 'luizcardo@gmail.com', 'name': 'Luiz Felipe Cardo', 'organization_id': None, ...}, {'created_at': '2026-02-10T04:03:40.523777+00:00', 'email': 'akalinezenix@gmail.com', 'name': 'Zen Akaline', 'organization_id': 'org_f1e0631b6306', ...}, {'created_at': '2026-02-20T15:49:09.611594+00:00', 'email': 'testuser@otherorg.com', 'name': 'Test User', 'organization_id': 'org_a54bfdea6cb4', ...}, {'created_at': '2026-02-20T15:53:21.367203+00:00', 'email': 'testuser155321@testorg.com', 'name': 'Test User 155321', 'organization_id': 'org_d920abc6b585', ...}, {'created_at': '2026-02-20T17:14:35.295953+00:00', 'email': 'test@example.com', 'name': 'Test User', 'organization_id': 'org_18fe2a1045cb', ...}, ...]}, list)</failure></testcase><testcase classname="backend.tests.test_comprehensive_v21.TestAdmin" name="test_get_admin_organizations" time="0.424" /><testcase classname="backend.tests.test_comprehensive_v21.TestAdmin" name="test_get_contact_requests" time="0.434" /><testcase classname="backend.tests.test_comprehensive_v21.TestBulkOperations" name="test_bulk_delete_endpoint_exists" time="0.431" /><testcase classname="backend.tests.test_comprehensive_v21.TestBulkOperations" name="test_bulk_update_endpoint_exists" time="0.431" /><testcase classname="backend.tests.test_comprehensive_v21.TestHealth" name="test_health_endpoint" time="0.100" /></testsuite></testsuites>