<?xml version="1.0" encoding="utf-8"?><testsuites name="pytest tests"><testsuite name="pytest" errors="0" failures="1" skipped="0" tests="23" time="8.197" timestamp="2026-03-01T14:28:47.392371+00:00" hostname="agent-env-d867bf04-8d07-4679-94e8-c8255bf384d2"><testcase classname="backend.tests.test_v22_comprehensive.TestAuthEndpoints" name="test_login_success" time="0.389" /><testcase classname="backend.tests.test_v22_comprehensive.TestAuthEndpoints" name="test_login_invalid_credentials" time="0.127" /><testcase classname="backend.tests.test_v22_comprehensive.TestAuthEndpoints" name="test_session_endpoint_returns_token" time="0.640" /><testcase classname="backend.tests.test_v22_comprehensive.TestLeadsEndpoints" name="test_get_leads" time="1.543" /><testcase classname="backend.tests.test_v22_comprehensive.TestLeadsEndpoints" name="test_create_lead" time="0.135" /><testcase classname="backend.tests.test_v22_comprehensive.TestLeadsEndpoints" name="test_get_single_lead" time="0.238" /><testcase classname="backend.tests.test_v22_comprehensive.TestContactsEndpoints" name="test_get_contacts" time="0.491" /><testcase classname="backend.tests.test_v22_comprehensive.TestContactsEndpoints" name="test_create_contact" time="0.118" /><testcase classname="backend.tests.test_v22_comprehensive.TestDealsEndpoints" name="test_get_deals" time="0.445" /><testcase classname="backend.tests.test_v22_comprehensive.TestDealsEndpoints" name="test_get_deal_tags" time="0.107" /><testcase classname="backend.tests.test_v22_comprehensive.TestTasksEndpoints" name="test_get_tasks" time="0.437" /><testcase classname="backend.tests.test_v22_comprehensive.TestCompaniesEndpoints" name="test_get_companies" time="0.442" /><testcase classname="backend.tests.test_v22_comprehensive.TestChatEndpoints" name="test_get_chat_channels" time="0.449"><failure message="AssertionError: assert False&#10; +  where False = isinstance({'channels': [{'channel_id': 'general', 'channel_type': 'general', 'created_at': '2026-02-22T01:15:32.992209+00:00', 'created_by': 'user_976038f616e3', ...}, {'channel_id': 'lead_lead_f851313645cd', 'channel_type': 'lead', 'created_at': '2026-02-22T01:17:19.824200+00:00', 'created_by': 'user_976038f616e3', ...}]}, list)">backend/tests/test_v22_comprehensive.py:243: in test_get_chat_channels
    assert isinstance(data, list)
E   AssertionError: assert False
E    +  where False = isinstance({'channels': [{'channel_id': 'general', 'channel_type': 'general', 'created_at': '2026-02-22T01:15:32.992209+00:00', 'created_by': 'user_976038f616e3', ...}, {'channel_id': 'lead_lead_f851313645cd', 'channel_type': 'lead', 'created_at': '2026-02-22T01:17:19.824200+00:00', 'created_by': 'user_976038f616e3', ...}]}, list)</failure></testcase><testcase classname="backend.tests.test_v22_comprehensive.TestCallsEndpoints" name="test_get_calls" time="0.431" /><testcase classname="backend.tests.test_v22_comprehensive.TestCallsEndpoints" name="test_get_calls_stats" time="0.108" /><testcase classname="backend.tests.test_v22_comprehensive.TestAdminEndpoints" name="test_admin_stats" time="0.475" /><testcase classname="backend.tests.test_v22_comprehensive.TestAdminEndpoints" name="test_admin_users" time="0.112" /><testcase classname="backend.tests.test_v22_comprehensive.TestAdminEndpoints" name="test_admin_organizations" time="0.118" /><testcase classname="backend.tests.test_v22_comprehensive.TestAdminEndpoints" name="test_admin_data_explorer" time="0.189" /><testcase classname="backend.tests.test_v22_comprehensive.TestDashboardEndpoints" name="test_dashboard_stats" time="0.460" /><testcase classname="backend.tests.test_v22_comprehensive.TestBulkEndpoints" name="test_bulk_delete_endpoint_exists" time="0.447" /><testcase classname="backend.tests.test_v22_comprehensive.TestCORSConfig" name="test_cors_headers" time="0.065" /><testcase classname="backend.tests.test_v22_comprehensive.TestHealthEndpoint" name="test_health" time="0.103" /></testsuite></testsuites>